{"timestamp":"2026-05-27T01:34:50.683Z","level":"info","module":"Filter","message":"Loaded 6 filtering rules","nodeId":"node-01"}
{"timestamp":"2026-05-27T01:34:50.700Z","level":"info","module":"Receiver","message":"ECU Message Receiver started","nodeId":"node-01"}
{"timestamp":"2026-05-27T01:34:50.700Z","level":"info","module":"Cluster","message":"Cluster manager started for node node-01","nodeId":"node-01"}
{"timestamp":"2026-05-27T01:34:50.707Z","level":"info","module":"Receiver","message":"UDP ECU interface listening on 0.0.0.0:9000","nodeId":"node-01"}
{"timestamp":"2026-05-27T01:34:50.710Z","level":"info","module":"Receiver","message":"TCP ECU interface listening on 0.0.0.0:9001","nodeId":"node-01"}
{"timestamp":"2026-05-27T01:34:50.711Z","level":"info","module":"Cluster","message":"Cluster server listening on 127.0.0.1:7001","nodeId":"node-01"}
{"timestamp":"2026-05-27T01:34:50.711Z","level":"info","module":"Server","message":"HTTP server listening on http://0.0.0.0:8080","nodeId":"node-01"}
{"timestamp":"2026-05-27T01:34:52.715Z","level":"info","module":"Cluster","message":"Disconnected from peer node-03","nodeId":"node-01"}
{"timestamp":"2026-05-27T01:34:52.715Z","level":"info","module":"Cluster","message":"Disconnected from peer node-02","nodeId":"node-01"}
{"timestamp":"2026-05-27T01:39:21.576Z","level":"info","module":"Filter","message":"Loaded 6 filtering rules","nodeId":"node-01"}
{"timestamp":"2026-05-27T01:39:21.605Z","level":"info","module":"Receiver","message":"ECU Message Receiver started","nodeId":"node-01"}
{"timestamp":"2026-05-27T01:39:21.606Z","level":"info","module":"Cluster","message":"Cluster manager started for node node-01","nodeId":"node-01"}
{"timestamp":"2026-05-27T01:39:21.617Z","level":"info","module":"Receiver","message":"UDP ECU interface listening on 0.0.0.0:9000","nodeId":"node-01"}
{"timestamp":"2026-05-27T01:39:21.623Z","level":"info","module":"Receiver","message":"TCP ECU interface listening on 0.0.0.0:9001","nodeId":"node-01"}
{"timestamp":"2026-05-27T01:39:21.623Z","level":"info","module":"Cluster","message":"Cluster server listening on 127.0.0.1:7001","nodeId":"node-01"}
{"timestamp":"2026-05-27T01:39:21.624Z","level":"info","module":"Server","message":"HTTP server listening on http://0.0.0.0:8080","nodeId":"node-01"}
{"timestamp":"2026-05-27T01:39:23.626Z","level":"info","module":"Cluster","message":"Disconnected from peer node-03","nodeId":"node-01"}
{"timestamp":"2026-05-27T01:39:23.626Z","level":"info","module":"Cluster","message":"Disconnected from peer node-02","nodeId":"node-01"}
{"timestamp":"2026-05-27T01:40:41.172Z","level":"info","module":"Filter","message":"Rule [数据记录-读取数据] matched","nodeId":"node-01","data":{"messageId":"msg-1779846041172-1z9559urf","sid":"0x22","sidName":"ReadDataByIdentifier","did":"0xF190"}}
{"timestamp":"2026-05-27T01:53:27.580Z","level":"info","module":"Filter","message":"Loaded 6 filtering rules","nodeId":"node-01"}
{"timestamp":"2026-05-27T01:53:27.607Z","level":"info","module":"Receiver","message":"ECU Message Receiver started","nodeId":"node-01","data":{"threadPool":true,"rateLimit":"5000/s"}}
{"timestamp":"2026-05-27T01:53:27.608Z","level":"info","module":"Cluster","message":"Cluster manager started for node node-01","nodeId":"node-01"}
{"timestamp":"2026-05-27T01:53:27.625Z","level":"info","module":"Receiver","message":"UDP ECU interface listening on 0.0.0.0:9000","nodeId":"node-01"}
{"timestamp":"2026-05-27T01:53:27.629Z","level":"info","module":"Receiver","message":"TCP ECU interface listening on 0.0.0.0:9001","nodeId":"node-01"}
{"timestamp":"2026-05-27T01:53:27.630Z","level":"info","module":"Cluster","message":"Cluster server listening on 127.0.0.1:7001","nodeId":"node-01"}
{"timestamp":"2026-05-27T01:53:27.630Z","level":"info","module":"Server","message":"HTTP server listening on http://0.0.0.0:8080","nodeId":"node-01"}
{"timestamp":"2026-05-27T01:53:29.619Z","level":"info","module":"Cluster","message":"Disconnected from peer node-03","nodeId":"node-01"}
{"timestamp":"2026-05-27T01:53:29.619Z","level":"info","module":"Cluster","message":"Scheduling reconnect to node-03 in 2000ms","nodeId":"node-01"}
{"timestamp":"2026-05-27T01:53:29.619Z","level":"info","module":"Cluster","message":"Disconnected from peer node-02","nodeId":"node-01"}
{"timestamp":"2026-05-27T01:53:29.619Z","level":"info","module":"Cluster","message":"Scheduling reconnect to node-02 in 2000ms","nodeId":"node-01"}
{"timestamp":"2026-05-27T01:53:31.633Z","level":"info","module":"Cluster","message":"Disconnected from peer node-02","nodeId":"node-01"}
{"timestamp":"2026-05-27T01:53:31.633Z","level":"info","module":"Cluster","message":"Scheduling reconnect to node-02 in 4000ms","nodeId":"node-01"}
{"timestamp":"2026-05-27T01:53:31.633Z","level":"info","module":"Cluster","message":"Disconnected from peer node-03","nodeId":"node-01"}
{"timestamp":"2026-05-27T01:53:31.633Z","level":"info","module":"Cluster","message":"Scheduling reconnect to node-03 in 4000ms","nodeId":"node-01"}
{"timestamp":"2026-05-27T01:53:35.649Z","level":"info","module":"Cluster","message":"Disconnected from peer node-03","nodeId":"node-01"}
{"timestamp":"2026-05-27T01:53:35.649Z","level":"info","module":"Cluster","message":"Scheduling reconnect to node-03 in 8000ms","nodeId":"node-01"}
{"timestamp":"2026-05-27T01:53:35.649Z","level":"info","module":"Cluster","message":"Disconnected from peer node-02","nodeId":"node-01"}
{"timestamp":"2026-05-27T01:53:35.649Z","level":"info","module":"Cluster","message":"Scheduling reconnect to node-02 in 8000ms","nodeId":"node-01"}
{"timestamp":"2026-05-27T01:53:43.652Z","level":"info","module":"Cluster","message":"Disconnected from peer node-02","nodeId":"node-01"}
{"timestamp":"2026-05-27T01:53:43.652Z","level":"info","module":"Cluster","message":"Scheduling reconnect to node-02 in 16000ms","nodeId":"node-01"}
{"timestamp":"2026-05-27T01:53:43.652Z","level":"info","module":"Cluster","message":"Disconnected from peer node-03","nodeId":"node-01"}
{"timestamp":"2026-05-27T01:53:43.652Z","level":"info","module":"Cluster","message":"Scheduling reconnect to node-03 in 16000ms","nodeId":"node-01"}
{"timestamp":"2026-05-27T01:53:59.666Z","level":"info","module":"Cluster","message":"Disconnected from peer node-03","nodeId":"node-01"}
{"timestamp":"2026-05-27T01:53:59.666Z","level":"info","module":"Cluster","message":"Scheduling reconnect to node-03 in 30000ms","nodeId":"node-01"}
{"timestamp":"2026-05-27T01:53:59.666Z","level":"info","module":"Cluster","message":"Disconnected from peer node-02","nodeId":"node-01"}
{"timestamp":"2026-05-27T01:53:59.666Z","level":"info","module":"Cluster","message":"Scheduling reconnect to node-02 in 30000ms","nodeId":"node-01"}
{"timestamp":"2026-05-27T01:54:29.668Z","level":"info","module":"Cluster","message":"Disconnected from peer node-02","nodeId":"node-01"}
{"timestamp":"2026-05-27T01:54:29.668Z","level":"info","module":"Cluster","message":"Scheduling reconnect to node-02 in 30000ms","nodeId":"node-01"}
{"timestamp":"2026-05-27T01:54:29.668Z","level":"info","module":"Cluster","message":"Disconnected from peer node-03","nodeId":"node-01"}
{"timestamp":"2026-05-27T01:54:29.668Z","level":"info","module":"Cluster","message":"Scheduling reconnect to node-03 in 30000ms","nodeId":"node-01"}
{"timestamp":"2026-05-27T01:55:01.490Z","level":"info","module":"Filter","message":"Loaded 6 filtering rules","nodeId":"node-01"}
{"timestamp":"2026-05-27T01:55:01.505Z","level":"info","module":"Receiver","message":"ECU Message Receiver started","nodeId":"node-01","data":{"threadPool":true,"rateLimit":"5000/s"}}
{"timestamp":"2026-05-27T01:55:01.506Z","level":"info","module":"Cluster","message":"Cluster manager started for node node-01","nodeId":"node-01"}
{"timestamp":"2026-05-27T01:55:01.513Z","level":"info","module":"Receiver","message":"UDP ECU interface listening on 0.0.0.0:9000","nodeId":"node-01"}
{"timestamp":"2026-05-27T01:55:01.515Z","level":"info","module":"Receiver","message":"TCP ECU interface listening on 0.0.0.0:9001","nodeId":"node-01"}
{"timestamp":"2026-05-27T01:55:01.515Z","level":"info","module":"Cluster","message":"Cluster server listening on 127.0.0.1:7001","nodeId":"node-01"}
{"timestamp":"2026-05-27T01:55:01.516Z","level":"info","module":"Server","message":"HTTP server listening on http://0.0.0.0:8080","nodeId":"node-01"}
{"timestamp":"2026-05-27T01:55:03.522Z","level":"info","module":"Cluster","message":"Disconnected from peer node-03","nodeId":"node-01"}
{"timestamp":"2026-05-27T01:55:03.522Z","level":"info","module":"Cluster","message":"Scheduling reconnect to node-03 in 2000ms","nodeId":"node-01"}
{"timestamp":"2026-05-27T01:55:03.522Z","level":"info","module":"Cluster","message":"Disconnected from peer node-02","nodeId":"node-01"}
{"timestamp":"2026-05-27T01:55:03.522Z","level":"info","module":"Cluster","message":"Scheduling reconnect to node-02 in 2000ms","nodeId":"node-01"}
{"timestamp":"2026-05-27T01:55:05.534Z","level":"info","module":"Cluster","message":"Disconnected from peer node-02","nodeId":"node-01"}
{"timestamp":"2026-05-27T01:55:05.534Z","level":"info","module":"Cluster","message":"Scheduling reconnect to node-02 in 4000ms","nodeId":"node-01"}
{"timestamp":"2026-05-27T01:55:05.534Z","level":"info","module":"Cluster","message":"Disconnected from peer node-03","nodeId":"node-01"}
{"timestamp":"2026-05-27T01:55:05.534Z","level":"info","module":"Cluster","message":"Scheduling reconnect to node-03 in 4000ms","nodeId":"node-01"}
{"timestamp":"2026-05-27T01:55:09.539Z","level":"info","module":"Cluster","message":"Disconnected from peer node-03","nodeId":"node-01"}
{"timestamp":"2026-05-27T01:55:09.539Z","level":"info","module":"Cluster","message":"Scheduling reconnect to node-03 in 8000ms","nodeId":"node-01"}
{"timestamp":"2026-05-27T01:55:09.539Z","level":"info","module":"Cluster","message":"Disconnected from peer node-02","nodeId":"node-01"}
{"timestamp":"2026-05-27T01:55:09.539Z","level":"info","module":"Cluster","message":"Scheduling reconnect to node-02 in 8000ms","nodeId":"node-01"}
{"timestamp":"2026-05-27T01:55:17.552Z","level":"info","module":"Cluster","message":"Disconnected from peer node-02","nodeId":"node-01"}
{"timestamp":"2026-05-27T01:55:17.552Z","level":"info","module":"Cluster","message":"Scheduling reconnect to node-02 in 16000ms","nodeId":"node-01"}
{"timestamp":"2026-05-27T01:55:17.552Z","level":"info","module":"Cluster","message":"Disconnected from peer node-03","nodeId":"node-01"}
{"timestamp":"2026-05-27T01:55:17.552Z","level":"info","module":"Cluster","message":"Scheduling reconnect to node-03 in 16000ms","nodeId":"node-01"}
{"timestamp":"2026-05-27T01:55:33.556Z","level":"info","module":"Cluster","message":"Disconnected from peer node-03","nodeId":"node-01"}
{"timestamp":"2026-05-27T01:55:33.556Z","level":"info","module":"Cluster","message":"Scheduling reconnect to node-03 in 30000ms","nodeId":"node-01"}
{"timestamp":"2026-05-27T01:55:33.556Z","level":"info","module":"Cluster","message":"Disconnected from peer node-02","nodeId":"node-01"}
{"timestamp":"2026-05-27T01:55:33.556Z","level":"info","module":"Cluster","message":"Scheduling reconnect to node-02 in 30000ms","nodeId":"node-01"}
{"timestamp":"2026-05-27T01:56:03.568Z","level":"info","module":"Cluster","message":"Disconnected from peer node-02","nodeId":"node-01"}
{"timestamp":"2026-05-27T01:56:03.568Z","level":"info","module":"Cluster","message":"Scheduling reconnect to node-02 in 30000ms","nodeId":"node-01"}
{"timestamp":"2026-05-27T01:56:03.569Z","level":"info","module":"Cluster","message":"Disconnected from peer node-03","nodeId":"node-01"}
{"timestamp":"2026-05-27T01:56:03.569Z","level":"info","module":"Cluster","message":"Scheduling reconnect to node-03 in 30000ms","nodeId":"node-01"}
{"timestamp":"2026-05-27T01:56:38.402Z","level":"info","module":"Filter","message":"Loaded 6 filtering rules","nodeId":"node-01"}
{"timestamp":"2026-05-27T01:56:38.422Z","level":"info","module":"Receiver","message":"ECU Message Receiver started","nodeId":"node-01","data":{"threadPool":true,"rateLimit":"5000/s"}}
{"timestamp":"2026-05-27T01:56:38.422Z","level":"info","module":"Cluster","message":"Cluster manager started for node node-01","nodeId":"node-01"}
{"timestamp":"2026-05-27T01:56:38.433Z","level":"info","module":"Receiver","message":"UDP ECU interface listening on 0.0.0.0:9000","nodeId":"node-01"}
{"timestamp":"2026-05-27T01:56:38.437Z","level":"info","module":"Receiver","message":"TCP ECU interface listening on 0.0.0.0:9001","nodeId":"node-01"}
{"timestamp":"2026-05-27T01:56:38.437Z","level":"info","module":"Cluster","message":"Cluster server listening on 127.0.0.1:7001","nodeId":"node-01"}
{"timestamp":"2026-05-27T01:56:38.438Z","level":"info","module":"Server","message":"HTTP server listening on http://0.0.0.0:8080","nodeId":"node-01"}
{"timestamp":"2026-05-27T01:56:40.439Z","level":"info","module":"Cluster","message":"Disconnected from peer node-03","nodeId":"node-01"}
{"timestamp":"2026-05-27T01:56:40.439Z","level":"info","module":"Cluster","message":"Scheduling reconnect to node-03 in 2000ms","nodeId":"node-01"}
{"timestamp":"2026-05-27T01:56:40.439Z","level":"info","module":"Cluster","message":"Disconnected from peer node-02","nodeId":"node-01"}
{"timestamp":"2026-05-27T01:56:40.439Z","level":"info","module":"Cluster","message":"Scheduling reconnect to node-02 in 2000ms","nodeId":"node-01"}
{"timestamp":"2026-05-27T01:56:42.445Z","level":"info","module":"Cluster","message":"Disconnected from peer node-02","nodeId":"node-01"}
{"timestamp":"2026-05-27T01:56:42.445Z","level":"info","module":"Cluster","message":"Scheduling reconnect to node-02 in 4000ms","nodeId":"node-01"}
{"timestamp":"2026-05-27T01:56:42.446Z","level":"info","module":"Cluster","message":"Disconnected from peer node-03","nodeId":"node-01"}
{"timestamp":"2026-05-27T01:56:42.446Z","level":"info","module":"Cluster","message":"Scheduling reconnect to node-03 in 4000ms","nodeId":"node-01"}
{"timestamp":"2026-05-27T01:56:46.453Z","level":"info","module":"Cluster","message":"Disconnected from peer node-03","nodeId":"node-01"}
{"timestamp":"2026-05-27T01:56:46.453Z","level":"info","module":"Cluster","message":"Scheduling reconnect to node-03 in 8000ms","nodeId":"node-01"}
{"timestamp":"2026-05-27T01:56:46.453Z","level":"info","module":"Cluster","message":"Disconnected from peer node-02","nodeId":"node-01"}
{"timestamp":"2026-05-27T01:56:46.453Z","level":"info","module":"Cluster","message":"Scheduling reconnect to node-02 in 8000ms","nodeId":"node-01"}
{"timestamp":"2026-05-27T01:56:54.457Z","level":"info","module":"Cluster","message":"Disconnected from peer node-02","nodeId":"node-01"}
{"timestamp":"2026-05-27T01:56:54.457Z","level":"info","module":"Cluster","message":"Scheduling reconnect to node-02 in 16000ms","nodeId":"node-01"}
{"timestamp":"2026-05-27T01:56:54.457Z","level":"info","module":"Cluster","message":"Disconnected from peer node-03","nodeId":"node-01"}
{"timestamp":"2026-05-27T01:56:54.457Z","level":"info","module":"Cluster","message":"Scheduling reconnect to node-03 in 16000ms","nodeId":"node-01"}
{"timestamp":"2026-05-27T01:57:10.471Z","level":"info","module":"Cluster","message":"Disconnected from peer node-03","nodeId":"node-01"}
{"timestamp":"2026-05-27T01:57:10.471Z","level":"info","module":"Cluster","message":"Scheduling reconnect to node-03 in 30000ms","nodeId":"node-01"}
{"timestamp":"2026-05-27T01:57:10.471Z","level":"info","module":"Cluster","message":"Disconnected from peer node-02","nodeId":"node-01"}
{"timestamp":"2026-05-27T01:57:10.471Z","level":"info","module":"Cluster","message":"Scheduling reconnect to node-02 in 30000ms","nodeId":"node-01"}
{"timestamp":"2026-05-27T01:57:13.605Z","level":"info","module":"Filter","message":"Rule [数据记录-读取数据] matched","nodeId":"node-01","data":{"messageId":"msg-1779847033604-059gwxnsy","sid":"0x22","sidName":"ReadDataByIdentifier","did":"0xF190"}}
{"timestamp":"2026-05-27T01:57:25.876Z","level":"info","module":"Filter","message":"Loaded 7 filtering rules","nodeId":"node-01"}
{"timestamp":"2026-05-27T01:57:40.473Z","level":"info","module":"Cluster","message":"Disconnected from peer node-02","nodeId":"node-01"}
{"timestamp":"2026-05-27T01:57:40.473Z","level":"info","module":"Cluster","message":"Scheduling reconnect to node-02 in 30000ms","nodeId":"node-01"}
{"timestamp":"2026-05-27T01:57:40.473Z","level":"info","module":"Cluster","message":"Disconnected from peer node-03","nodeId":"node-01"}
{"timestamp":"2026-05-27T01:57:40.473Z","level":"info","module":"Cluster","message":"Scheduling reconnect to node-03 in 30000ms","nodeId":"node-01"}
{"timestamp":"2026-05-27T01:58:10.488Z","level":"info","module":"Cluster","message":"Disconnected from peer node-03","nodeId":"node-01"}
{"timestamp":"2026-05-27T01:58:10.488Z","level":"info","module":"Cluster","message":"Scheduling reconnect to node-03 in 30000ms","nodeId":"node-01"}
{"timestamp":"2026-05-27T01:58:10.488Z","level":"info","module":"Cluster","message":"Disconnected from peer node-02","nodeId":"node-01"}
{"timestamp":"2026-05-27T01:58:10.488Z","level":"info","module":"Cluster","message":"Scheduling reconnect to node-02 in 30000ms","nodeId":"node-01"}
{"timestamp":"2026-05-27T01:58:40.496Z","level":"info","module":"Cluster","message":"Disconnected from peer node-02","nodeId":"node-01"}
{"timestamp":"2026-05-27T01:58:40.497Z","level":"info","module":"Cluster","message":"Scheduling reconnect to node-02 in 30000ms","nodeId":"node-01"}
{"timestamp":"2026-05-27T01:58:40.497Z","level":"info","module":"Cluster","message":"Disconnected from peer node-03","nodeId":"node-01"}
{"timestamp":"2026-05-27T01:58:40.497Z","level":"info","module":"Cluster","message":"Scheduling reconnect to node-03 in 30000ms","nodeId":"node-01"}
{"timestamp":"2026-05-27T01:59:10.505Z","level":"info","module":"Cluster","message":"Disconnected from peer node-03","nodeId":"node-01"}
{"timestamp":"2026-05-27T01:59:10.505Z","level":"info","module":"Cluster","message":"Scheduling reconnect to node-03 in 30000ms","nodeId":"node-01"}
{"timestamp":"2026-05-27T01:59:10.505Z","level":"info","module":"Cluster","message":"Disconnected from peer node-02","nodeId":"node-01"}
{"timestamp":"2026-05-27T01:59:10.505Z","level":"info","module":"Cluster","message":"Scheduling reconnect to node-02 in 30000ms","nodeId":"node-01"}
{"timestamp":"2026-05-27T01:59:40.520Z","level":"info","module":"Cluster","message":"Disconnected from peer node-02","nodeId":"node-01"}
{"timestamp":"2026-05-27T01:59:40.520Z","level":"info","module":"Cluster","message":"Scheduling reconnect to node-02 in 30000ms","nodeId":"node-01"}
{"timestamp":"2026-05-27T01:59:40.520Z","level":"info","module":"Cluster","message":"Disconnected from peer node-03","nodeId":"node-01"}
{"timestamp":"2026-05-27T01:59:40.520Z","level":"info","module":"Cluster","message":"Scheduling reconnect to node-03 in 30000ms","nodeId":"node-01"}
{"timestamp":"2026-05-27T02:00:10.529Z","level":"info","module":"Cluster","message":"Disconnected from peer node-03","nodeId":"node-01"}
{"timestamp":"2026-05-27T02:00:10.529Z","level":"info","module":"Cluster","message":"Scheduling reconnect to node-03 in 30000ms","nodeId":"node-01"}
{"timestamp":"2026-05-27T02:00:10.529Z","level":"info","module":"Cluster","message":"Disconnected from peer node-02","nodeId":"node-01"}
{"timestamp":"2026-05-27T02:00:10.529Z","level":"info","module":"Cluster","message":"Scheduling reconnect to node-02 in 30000ms","nodeId":"node-01"}
{"timestamp":"2026-05-27T02:00:40.537Z","level":"info","module":"Cluster","message":"Disconnected from peer node-02","nodeId":"node-01"}
{"timestamp":"2026-05-27T02:00:40.537Z","level":"info","module":"Cluster","message":"Scheduling reconnect to node-02 in 30000ms","nodeId":"node-01"}
{"timestamp":"2026-05-27T02:00:40.537Z","level":"info","module":"Cluster","message":"Disconnected from peer node-03","nodeId":"node-01"}
{"timestamp":"2026-05-27T02:00:40.537Z","level":"info","module":"Cluster","message":"Scheduling reconnect to node-03 in 30000ms","nodeId":"node-01"}
{"timestamp":"2026-05-27T02:01:10.541Z","level":"info","module":"Cluster","message":"Disconnected from peer node-03","nodeId":"node-01"}
{"timestamp":"2026-05-27T02:01:10.541Z","level":"info","module":"Cluster","message":"Scheduling reconnect to node-03 in 30000ms","nodeId":"node-01"}
{"timestamp":"2026-05-27T02:01:10.541Z","level":"info","module":"Cluster","message":"Disconnected from peer node-02","nodeId":"node-01"}
{"timestamp":"2026-05-27T02:01:10.541Z","level":"info","module":"Cluster","message":"Scheduling reconnect to node-02 in 30000ms","nodeId":"node-01"}
{"timestamp":"2026-05-27T02:01:40.545Z","level":"info","module":"Cluster","message":"Disconnected from peer node-02","nodeId":"node-01"}
{"timestamp":"2026-05-27T02:01:40.545Z","level":"info","module":"Cluster","message":"Scheduling reconnect to node-02 in 30000ms","nodeId":"node-01"}
{"timestamp":"2026-05-27T02:01:40.545Z","level":"info","module":"Cluster","message":"Disconnected from peer node-03","nodeId":"node-01"}
{"timestamp":"2026-05-27T02:01:40.545Z","level":"info","module":"Cluster","message":"Scheduling reconnect to node-03 in 30000ms","nodeId":"node-01"}
{"timestamp":"2026-05-27T02:02:10.556Z","level":"info","module":"Cluster","message":"Disconnected from peer node-03","nodeId":"node-01"}
{"timestamp":"2026-05-27T02:02:10.556Z","level":"info","module":"Cluster","message":"Scheduling reconnect to node-03 in 30000ms","nodeId":"node-01"}
{"timestamp":"2026-05-27T02:02:10.556Z","level":"info","module":"Cluster","message":"Disconnected from peer node-02","nodeId":"node-01"}
{"timestamp":"2026-05-27T02:02:10.556Z","level":"info","module":"Cluster","message":"Scheduling reconnect to node-02 in 30000ms","nodeId":"node-01"}
{"timestamp":"2026-05-27T02:02:40.562Z","level":"info","module":"Cluster","message":"Disconnected from peer node-02","nodeId":"node-01"}
{"timestamp":"2026-05-27T02:02:40.562Z","level":"info","module":"Cluster","message":"Scheduling reconnect to node-02 in 30000ms","nodeId":"node-01"}
{"timestamp":"2026-05-27T02:02:40.562Z","level":"info","module":"Cluster","message":"Disconnected from peer node-03","nodeId":"node-01"}
{"timestamp":"2026-05-27T02:02:40.562Z","level":"info","module":"Cluster","message":"Scheduling reconnect to node-03 in 30000ms","nodeId":"node-01"}
{"timestamp":"2026-05-27T02:03:10.575Z","level":"info","module":"Cluster","message":"Disconnected from peer node-03","nodeId":"node-01"}
{"timestamp":"2026-05-27T02:03:10.575Z","level":"info","module":"Cluster","message":"Scheduling reconnect to node-03 in 30000ms","nodeId":"node-01"}
{"timestamp":"2026-05-27T02:03:10.575Z","level":"info","module":"Cluster","message":"Disconnected from peer node-02","nodeId":"node-01"}
{"timestamp":"2026-05-27T02:03:10.575Z","level":"info","module":"Cluster","message":"Scheduling reconnect to node-02 in 30000ms","nodeId":"node-01"}
{"timestamp":"2026-05-27T02:03:40.591Z","level":"info","module":"Cluster","message":"Disconnected from peer node-02","nodeId":"node-01"}
{"timestamp":"2026-05-27T02:03:40.591Z","level":"info","module":"Cluster","message":"Scheduling reconnect to node-02 in 30000ms","nodeId":"node-01"}
{"timestamp":"2026-05-27T02:03:40.591Z","level":"info","module":"Cluster","message":"Disconnected from peer node-03","nodeId":"node-01"}
{"timestamp":"2026-05-27T02:03:40.591Z","level":"info","module":"Cluster","message":"Scheduling reconnect to node-03 in 30000ms","nodeId":"node-01"}
{"timestamp":"2026-05-27T02:04:10.610Z","level":"info","module":"Cluster","message":"Disconnected from peer node-03","nodeId":"node-01"}
{"timestamp":"2026-05-27T02:04:10.610Z","level":"info","module":"Cluster","message":"Scheduling reconnect to node-03 in 30000ms","nodeId":"node-01"}
{"timestamp":"2026-05-27T02:04:10.610Z","level":"info","module":"Cluster","message":"Disconnected from peer node-02","nodeId":"node-01"}
{"timestamp":"2026-05-27T02:04:10.610Z","level":"info","module":"Cluster","message":"Scheduling reconnect to node-02 in 30000ms","nodeId":"node-01"}
{"timestamp":"2026-05-27T02:04:40.626Z","level":"info","module":"Cluster","message":"Disconnected from peer node-02","nodeId":"node-01"}
{"timestamp":"2026-05-27T02:04:40.626Z","level":"info","module":"Cluster","message":"Scheduling reconnect to node-02 in 30000ms","nodeId":"node-01"}
{"timestamp":"2026-05-27T02:04:40.626Z","level":"info","module":"Cluster","message":"Disconnected from peer node-03","nodeId":"node-01"}
{"timestamp":"2026-05-27T02:04:40.626Z","level":"info","module":"Cluster","message":"Scheduling reconnect to node-03 in 30000ms","nodeId":"node-01"}
{"timestamp":"2026-05-27T02:05:10.629Z","level":"info","module":"Cluster","message":"Disconnected from peer node-03","nodeId":"node-01"}
{"timestamp":"2026-05-27T02:05:10.629Z","level":"info","module":"Cluster","message":"Scheduling reconnect to node-03 in 30000ms","nodeId":"node-01"}
{"timestamp":"2026-05-27T02:05:10.629Z","level":"info","module":"Cluster","message":"Disconnected from peer node-02","nodeId":"node-01"}
{"timestamp":"2026-05-27T02:05:10.629Z","level":"info","module":"Cluster","message":"Scheduling reconnect to node-02 in 30000ms","nodeId":"node-01"}
{"timestamp":"2026-05-27T02:05:40.634Z","level":"info","module":"Cluster","message":"Disconnected from peer node-02","nodeId":"node-01"}
{"timestamp":"2026-05-27T02:05:40.634Z","level":"info","module":"Cluster","message":"Scheduling reconnect to node-02 in 30000ms","nodeId":"node-01"}
{"timestamp":"2026-05-27T02:05:40.634Z","level":"info","module":"Cluster","message":"Disconnected from peer node-03","nodeId":"node-01"}
{"timestamp":"2026-05-27T02:05:40.634Z","level":"info","module":"Cluster","message":"Scheduling reconnect to node-03 in 30000ms","nodeId":"node-01"}
{"timestamp":"2026-05-27T02:06:10.643Z","level":"info","module":"Cluster","message":"Disconnected from peer node-03","nodeId":"node-01"}
{"timestamp":"2026-05-27T02:06:10.644Z","level":"info","module":"Cluster","message":"Scheduling reconnect to node-03 in 30000ms","nodeId":"node-01"}
{"timestamp":"2026-05-27T02:06:10.644Z","level":"info","module":"Cluster","message":"Disconnected from peer node-02","nodeId":"node-01"}
{"timestamp":"2026-05-27T02:06:10.644Z","level":"info","module":"Cluster","message":"Scheduling reconnect to node-02 in 30000ms","nodeId":"node-01"}
{"timestamp":"2026-05-27T02:06:40.647Z","level":"info","module":"Cluster","message":"Disconnected from peer node-02","nodeId":"node-01"}
{"timestamp":"2026-05-27T02:06:40.647Z","level":"info","module":"Cluster","message":"Scheduling reconnect to node-02 in 30000ms","nodeId":"node-01"}
{"timestamp":"2026-05-27T02:06:40.647Z","level":"info","module":"Cluster","message":"Disconnected from peer node-03","nodeId":"node-01"}
{"timestamp":"2026-05-27T02:06:40.647Z","level":"info","module":"Cluster","message":"Scheduling reconnect to node-03 in 30000ms","nodeId":"node-01"}
{"timestamp":"2026-05-27T02:07:10.651Z","level":"info","module":"Cluster","message":"Disconnected from peer node-03","nodeId":"node-01"}
{"timestamp":"2026-05-27T02:07:10.651Z","level":"info","module":"Cluster","message":"Scheduling reconnect to node-03 in 30000ms","nodeId":"node-01"}
{"timestamp":"2026-05-27T02:07:10.651Z","level":"info","module":"Cluster","message":"Disconnected from peer node-02","nodeId":"node-01"}
{"timestamp":"2026-05-27T02:07:10.651Z","level":"info","module":"Cluster","message":"Scheduling reconnect to node-02 in 30000ms","nodeId":"node-01"}
{"timestamp":"2026-05-27T02:07:40.673Z","level":"info","module":"Cluster","message":"Disconnected from peer node-02","nodeId":"node-01"}
{"timestamp":"2026-05-27T02:07:40.673Z","level":"info","module":"Cluster","message":"Scheduling reconnect to node-02 in 30000ms","nodeId":"node-01"}
{"timestamp":"2026-05-27T02:07:40.674Z","level":"info","module":"Cluster","message":"Disconnected from peer node-03","nodeId":"node-01"}
{"timestamp":"2026-05-27T02:07:40.674Z","level":"info","module":"Cluster","message":"Scheduling reconnect to node-03 in 30000ms","nodeId":"node-01"}
{"timestamp":"2026-05-27T02:08:10.687Z","level":"info","module":"Cluster","message":"Disconnected from peer node-03","nodeId":"node-01"}
{"timestamp":"2026-05-27T02:08:10.687Z","level":"info","module":"Cluster","message":"Scheduling reconnect to node-03 in 30000ms","nodeId":"node-01"}
{"timestamp":"2026-05-27T02:08:10.687Z","level":"info","module":"Cluster","message":"Disconnected from peer node-02","nodeId":"node-01"}
{"timestamp":"2026-05-27T02:08:10.687Z","level":"info","module":"Cluster","message":"Scheduling reconnect to node-02 in 30000ms","nodeId":"node-01"}
{"timestamp":"2026-05-27T02:08:40.699Z","level":"info","module":"Cluster","message":"Disconnected from peer node-02","nodeId":"node-01"}
{"timestamp":"2026-05-27T02:08:40.699Z","level":"info","module":"Cluster","message":"Scheduling reconnect to node-02 in 30000ms","nodeId":"node-01"}
{"timestamp":"2026-05-27T02:08:40.699Z","level":"info","module":"Cluster","message":"Disconnected from peer node-03","nodeId":"node-01"}
{"timestamp":"2026-05-27T02:08:40.699Z","level":"info","module":"Cluster","message":"Scheduling reconnect to node-03 in 30000ms","nodeId":"node-01"}
{"timestamp":"2026-05-27T02:09:10.701Z","level":"info","module":"Cluster","message":"Disconnected from peer node-03","nodeId":"node-01"}
{"timestamp":"2026-05-27T02:09:10.701Z","level":"info","module":"Cluster","message":"Scheduling reconnect to node-03 in 30000ms","nodeId":"node-01"}
{"timestamp":"2026-05-27T02:09:10.701Z","level":"info","module":"Cluster","message":"Disconnected from peer node-02","nodeId":"node-01"}
{"timestamp":"2026-05-27T02:09:10.701Z","level":"info","module":"Cluster","message":"Scheduling reconnect to node-02 in 30000ms","nodeId":"node-01"}
{"timestamp":"2026-05-27T02:09:40.716Z","level":"info","module":"Cluster","message":"Disconnected from peer node-02","nodeId":"node-01"}
{"timestamp":"2026-05-27T02:09:40.716Z","level":"info","module":"Cluster","message":"Scheduling reconnect to node-02 in 30000ms","nodeId":"node-01"}
{"timestamp":"2026-05-27T02:09:40.716Z","level":"info","module":"Cluster","message":"Disconnected from peer node-03","nodeId":"node-01"}
{"timestamp":"2026-05-27T02:09:40.716Z","level":"info","module":"Cluster","message":"Scheduling reconnect to node-03 in 30000ms","nodeId":"node-01"}
{"timestamp":"2026-05-27T02:10:10.731Z","level":"info","module":"Cluster","message":"Disconnected from peer node-03","nodeId":"node-01"}
{"timestamp":"2026-05-27T02:10:10.731Z","level":"info","module":"Cluster","message":"Scheduling reconnect to node-03 in 30000ms","nodeId":"node-01"}
{"timestamp":"2026-05-27T02:10:10.731Z","level":"info","module":"Cluster","message":"Disconnected from peer node-02","nodeId":"node-01"}
{"timestamp":"2026-05-27T02:10:10.731Z","level":"info","module":"Cluster","message":"Scheduling reconnect to node-02 in 30000ms","nodeId":"node-01"}
{"timestamp":"2026-05-27T02:10:40.733Z","level":"info","module":"Cluster","message":"Disconnected from peer node-02","nodeId":"node-01"}
{"timestamp":"2026-05-27T02:10:40.733Z","level":"info","module":"Cluster","message":"Scheduling reconnect to node-02 in 30000ms","nodeId":"node-01"}
{"timestamp":"2026-05-27T02:10:40.733Z","level":"info","module":"Cluster","message":"Disconnected from peer node-03","nodeId":"node-01"}
{"timestamp":"2026-05-27T02:10:40.733Z","level":"info","module":"Cluster","message":"Scheduling reconnect to node-03 in 30000ms","nodeId":"node-01"}
{"timestamp":"2026-05-27T02:11:10.749Z","level":"info","module":"Cluster","message":"Disconnected from peer node-03","nodeId":"node-01"}
{"timestamp":"2026-05-27T02:11:10.749Z","level":"info","module":"Cluster","message":"Scheduling reconnect to node-03 in 30000ms","nodeId":"node-01"}
{"timestamp":"2026-05-27T02:11:10.749Z","level":"info","module":"Cluster","message":"Disconnected from peer node-02","nodeId":"node-01"}
{"timestamp":"2026-05-27T02:11:10.749Z","level":"info","module":"Cluster","message":"Scheduling reconnect to node-02 in 30000ms","nodeId":"node-01"}
{"timestamp":"2026-05-27T02:11:40.753Z","level":"info","module":"Cluster","message":"Disconnected from peer node-02","nodeId":"node-01"}
{"timestamp":"2026-05-27T02:11:40.753Z","level":"info","module":"Cluster","message":"Scheduling reconnect to node-02 in 30000ms","nodeId":"node-01"}
{"timestamp":"2026-05-27T02:11:40.753Z","level":"info","module":"Cluster","message":"Disconnected from peer node-03","nodeId":"node-01"}
{"timestamp":"2026-05-27T02:11:40.753Z","level":"info","module":"Cluster","message":"Scheduling reconnect to node-03 in 30000ms","nodeId":"node-01"}
{"timestamp":"2026-05-27T02:12:10.756Z","level":"info","module":"Cluster","message":"Disconnected from peer node-03","nodeId":"node-01"}
{"timestamp":"2026-05-27T02:12:10.756Z","level":"info","module":"Cluster","message":"Scheduling reconnect to node-03 in 30000ms","nodeId":"node-01"}
{"timestamp":"2026-05-27T02:12:10.756Z","level":"info","module":"Cluster","message":"Disconnected from peer node-02","nodeId":"node-01"}
{"timestamp":"2026-05-27T02:12:10.756Z","level":"info","module":"Cluster","message":"Scheduling reconnect to node-02 in 30000ms","nodeId":"node-01"}
{"timestamp":"2026-05-27T02:12:40.770Z","level":"info","module":"Cluster","message":"Disconnected from peer node-02","nodeId":"node-01"}
{"timestamp":"2026-05-27T02:12:40.770Z","level":"info","module":"Cluster","message":"Scheduling reconnect to node-02 in 30000ms","nodeId":"node-01"}
{"timestamp":"2026-05-27T02:12:40.770Z","level":"info","module":"Cluster","message":"Disconnected from peer node-03","nodeId":"node-01"}
{"timestamp":"2026-05-27T02:12:40.770Z","level":"info","module":"Cluster","message":"Scheduling reconnect to node-03 in 30000ms","nodeId":"node-01"}
{"timestamp":"2026-05-27T02:13:10.783Z","level":"info","module":"Cluster","message":"Disconnected from peer node-03","nodeId":"node-01"}
{"timestamp":"2026-05-27T02:13:10.783Z","level":"info","module":"Cluster","message":"Scheduling reconnect to node-03 in 30000ms","nodeId":"node-01"}
{"timestamp":"2026-05-27T02:13:10.783Z","level":"info","module":"Cluster","message":"Disconnected from peer node-02","nodeId":"node-01"}
{"timestamp":"2026-05-27T02:13:10.783Z","level":"info","module":"Cluster","message":"Scheduling reconnect to node-02 in 30000ms","nodeId":"node-01"}
{"timestamp":"2026-05-27T02:13:40.785Z","level":"info","module":"Cluster","message":"Disconnected from peer node-02","nodeId":"node-01"}
{"timestamp":"2026-05-27T02:13:40.785Z","level":"info","module":"Cluster","message":"Scheduling reconnect to node-02 in 30000ms","nodeId":"node-01"}
{"timestamp":"2026-05-27T02:13:40.785Z","level":"info","module":"Cluster","message":"Disconnected from peer node-03","nodeId":"node-01"}
{"timestamp":"2026-05-27T02:13:40.785Z","level":"info","module":"Cluster","message":"Scheduling reconnect to node-03 in 30000ms","nodeId":"node-01"}
{"timestamp":"2026-05-27T02:14:10.793Z","level":"info","module":"Cluster","message":"Disconnected from peer node-03","nodeId":"node-01"}
{"timestamp":"2026-05-27T02:14:10.793Z","level":"info","module":"Cluster","message":"Scheduling reconnect to node-03 in 30000ms","nodeId":"node-01"}
{"timestamp":"2026-05-27T02:14:10.793Z","level":"info","module":"Cluster","message":"Disconnected from peer node-02","nodeId":"node-01"}
{"timestamp":"2026-05-27T02:14:10.793Z","level":"info","module":"Cluster","message":"Scheduling reconnect to node-02 in 30000ms","nodeId":"node-01"}
{"timestamp":"2026-05-27T02:14:40.808Z","level":"info","module":"Cluster","message":"Disconnected from peer node-02","nodeId":"node-01"}
{"timestamp":"2026-05-27T02:14:40.808Z","level":"info","module":"Cluster","message":"Scheduling reconnect to node-02 in 30000ms","nodeId":"node-01"}
{"timestamp":"2026-05-27T02:14:40.808Z","level":"info","module":"Cluster","message":"Disconnected from peer node-03","nodeId":"node-01"}
{"timestamp":"2026-05-27T02:14:40.808Z","level":"info","module":"Cluster","message":"Scheduling reconnect to node-03 in 30000ms","nodeId":"node-01"}
{"timestamp":"2026-05-27T02:15:10.814Z","level":"info","module":"Cluster","message":"Disconnected from peer node-03","nodeId":"node-01"}
{"timestamp":"2026-05-27T02:15:10.814Z","level":"info","module":"Cluster","message":"Scheduling reconnect to node-03 in 30000ms","nodeId":"node-01"}
{"timestamp":"2026-05-27T02:15:10.814Z","level":"info","module":"Cluster","message":"Disconnected from peer node-02","nodeId":"node-01"}
{"timestamp":"2026-05-27T02:15:10.814Z","level":"info","module":"Cluster","message":"Scheduling reconnect to node-02 in 30000ms","nodeId":"node-01"}
{"timestamp":"2026-05-27T02:15:40.824Z","level":"info","module":"Cluster","message":"Disconnected from peer node-02","nodeId":"node-01"}
{"timestamp":"2026-05-27T02:15:40.824Z","level":"info","module":"Cluster","message":"Scheduling reconnect to node-02 in 30000ms","nodeId":"node-01"}
{"timestamp":"2026-05-27T02:15:40.824Z","level":"info","module":"Cluster","message":"Disconnected from peer node-03","nodeId":"node-01"}
{"timestamp":"2026-05-27T02:15:40.824Z","level":"info","module":"Cluster","message":"Scheduling reconnect to node-03 in 30000ms","nodeId":"node-01"}
{"timestamp":"2026-05-27T02:16:10.828Z","level":"info","module":"Cluster","message":"Disconnected from peer node-03","nodeId":"node-01"}
{"timestamp":"2026-05-27T02:16:10.828Z","level":"info","module":"Cluster","message":"Scheduling reconnect to node-03 in 30000ms","nodeId":"node-01"}
{"timestamp":"2026-05-27T02:16:10.828Z","level":"info","module":"Cluster","message":"Disconnected from peer node-02","nodeId":"node-01"}
{"timestamp":"2026-05-27T02:16:10.828Z","level":"info","module":"Cluster","message":"Scheduling reconnect to node-02 in 30000ms","nodeId":"node-01"}
{"timestamp":"2026-05-27T02:16:40.836Z","level":"info","module":"Cluster","message":"Disconnected from peer node-02","nodeId":"node-01"}
{"timestamp":"2026-05-27T02:16:40.836Z","level":"info","module":"Cluster","message":"Scheduling reconnect to node-02 in 30000ms","nodeId":"node-01"}
{"timestamp":"2026-05-27T02:16:40.836Z","level":"info","module":"Cluster","message":"Disconnected from peer node-03","nodeId":"node-01"}
{"timestamp":"2026-05-27T02:16:40.836Z","level":"info","module":"Cluster","message":"Scheduling reconnect to node-03 in 30000ms","nodeId":"node-01"}
{"timestamp":"2026-05-27T02:17:10.847Z","level":"info","module":"Cluster","message":"Disconnected from peer node-03","nodeId":"node-01"}
{"timestamp":"2026-05-27T02:17:10.848Z","level":"info","module":"Cluster","message":"Scheduling reconnect to node-03 in 30000ms","nodeId":"node-01"}
{"timestamp":"2026-05-27T02:17:10.848Z","level":"info","module":"Cluster","message":"Disconnected from peer node-02","nodeId":"node-01"}
{"timestamp":"2026-05-27T02:17:10.848Z","level":"info","module":"Cluster","message":"Scheduling reconnect to node-02 in 30000ms","nodeId":"node-01"}
{"timestamp":"2026-05-27T02:17:40.850Z","level":"info","module":"Cluster","message":"Disconnected from peer node-02","nodeId":"node-01"}
{"timestamp":"2026-05-27T02:17:40.850Z","level":"info","module":"Cluster","message":"Scheduling reconnect to node-02 in 30000ms","nodeId":"node-01"}
{"timestamp":"2026-05-27T02:17:40.850Z","level":"info","module":"Cluster","message":"Disconnected from peer node-03","nodeId":"node-01"}
{"timestamp":"2026-05-27T02:17:40.850Z","level":"info","module":"Cluster","message":"Scheduling reconnect to node-03 in 30000ms","nodeId":"node-01"}
{"timestamp":"2026-05-27T02:18:10.853Z","level":"info","module":"Cluster","message":"Disconnected from peer node-03","nodeId":"node-01"}
{"timestamp":"2026-05-27T02:18:10.853Z","level":"info","module":"Cluster","message":"Scheduling reconnect to node-03 in 30000ms","nodeId":"node-01"}
{"timestamp":"2026-05-27T02:18:10.853Z","level":"info","module":"Cluster","message":"Disconnected from peer node-02","nodeId":"node-01"}
{"timestamp":"2026-05-27T02:18:10.853Z","level":"info","module":"Cluster","message":"Scheduling reconnect to node-02 in 30000ms","nodeId":"node-01"}
{"timestamp":"2026-05-27T02:18:40.859Z","level":"info","module":"Cluster","message":"Disconnected from peer node-02","nodeId":"node-01"}
{"timestamp":"2026-05-27T02:18:40.859Z","level":"info","module":"Cluster","message":"Scheduling reconnect to node-02 in 30000ms","nodeId":"node-01"}
{"timestamp":"2026-05-27T02:18:40.859Z","level":"info","module":"Cluster","message":"Disconnected from peer node-03","nodeId":"node-01"}
{"timestamp":"2026-05-27T02:18:40.859Z","level":"info","module":"Cluster","message":"Scheduling reconnect to node-03 in 30000ms","nodeId":"node-01"}
{"timestamp":"2026-05-27T02:19:10.865Z","level":"info","module":"Cluster","message":"Disconnected from peer node-03","nodeId":"node-01"}
{"timestamp":"2026-05-27T02:19:10.865Z","level":"info","module":"Cluster","message":"Scheduling reconnect to node-03 in 30000ms","nodeId":"node-01"}
{"timestamp":"2026-05-27T02:19:10.865Z","level":"info","module":"Cluster","message":"Disconnected from peer node-02","nodeId":"node-01"}
{"timestamp":"2026-05-27T02:19:10.865Z","level":"info","module":"Cluster","message":"Scheduling reconnect to node-02 in 30000ms","nodeId":"node-01"}
{"timestamp":"2026-05-27T02:19:40.875Z","level":"info","module":"Cluster","message":"Disconnected from peer node-02","nodeId":"node-01"}
{"timestamp":"2026-05-27T02:19:40.875Z","level":"info","module":"Cluster","message":"Scheduling reconnect to node-02 in 30000ms","nodeId":"node-01"}
{"timestamp":"2026-05-27T02:19:40.875Z","level":"info","module":"Cluster","message":"Disconnected from peer node-03","nodeId":"node-01"}
{"timestamp":"2026-05-27T02:19:40.875Z","level":"info","module":"Cluster","message":"Scheduling reconnect to node-03 in 30000ms","nodeId":"node-01"}
{"timestamp":"2026-05-27T02:20:10.891Z","level":"info","module":"Cluster","message":"Disconnected from peer node-03","nodeId":"node-01"}
{"timestamp":"2026-05-27T02:20:10.891Z","level":"info","module":"Cluster","message":"Scheduling reconnect to node-03 in 30000ms","nodeId":"node-01"}
{"timestamp":"2026-05-27T02:20:10.891Z","level":"info","module":"Cluster","message":"Disconnected from peer node-02","nodeId":"node-01"}
{"timestamp":"2026-05-27T02:20:10.891Z","level":"info","module":"Cluster","message":"Scheduling reconnect to node-02 in 30000ms","nodeId":"node-01"}
{"timestamp":"2026-05-27T02:20:40.902Z","level":"info","module":"Cluster","message":"Disconnected from peer node-02","nodeId":"node-01"}
{"timestamp":"2026-05-27T02:20:40.902Z","level":"info","module":"Cluster","message":"Scheduling reconnect to node-02 in 30000ms","nodeId":"node-01"}
{"timestamp":"2026-05-27T02:20:40.902Z","level":"info","module":"Cluster","message":"Disconnected from peer node-03","nodeId":"node-01"}
{"timestamp":"2026-05-27T02:20:40.902Z","level":"info","module":"Cluster","message":"Scheduling reconnect to node-03 in 30000ms","nodeId":"node-01"}
{"timestamp":"2026-05-27T02:21:10.915Z","level":"info","module":"Cluster","message":"Disconnected from peer node-03","nodeId":"node-01"}
{"timestamp":"2026-05-27T02:21:10.915Z","level":"info","module":"Cluster","message":"Scheduling reconnect to node-03 in 30000ms","nodeId":"node-01"}
{"timestamp":"2026-05-27T02:21:10.915Z","level":"info","module":"Cluster","message":"Disconnected from peer node-02","nodeId":"node-01"}
{"timestamp":"2026-05-27T02:21:10.915Z","level":"info","module":"Cluster","message":"Scheduling reconnect to node-02 in 30000ms","nodeId":"node-01"}
{"timestamp":"2026-05-27T02:21:40.929Z","level":"info","module":"Cluster","message":"Disconnected from peer node-02","nodeId":"node-01"}
{"timestamp":"2026-05-27T02:21:40.930Z","level":"info","module":"Cluster","message":"Scheduling reconnect to node-02 in 30000ms","nodeId":"node-01"}
{"timestamp":"2026-05-27T02:21:40.930Z","level":"info","module":"Cluster","message":"Disconnected from peer node-03","nodeId":"node-01"}
{"timestamp":"2026-05-27T02:21:40.930Z","level":"info","module":"Cluster","message":"Scheduling reconnect to node-03 in 30000ms","nodeId":"node-01"}
{"timestamp":"2026-05-27T02:22:10.935Z","level":"info","module":"Cluster","message":"Disconnected from peer node-03","nodeId":"node-01"}
{"timestamp":"2026-05-27T02:22:10.935Z","level":"info","module":"Cluster","message":"Scheduling reconnect to node-03 in 30000ms","nodeId":"node-01"}
{"timestamp":"2026-05-27T02:22:10.935Z","level":"info","module":"Cluster","message":"Disconnected from peer node-02","nodeId":"node-01"}
{"timestamp":"2026-05-27T02:22:10.935Z","level":"info","module":"Cluster","message":"Scheduling reconnect to node-02 in 30000ms","nodeId":"node-01"}
{"timestamp":"2026-05-27T02:22:40.948Z","level":"info","module":"Cluster","message":"Disconnected from peer node-02","nodeId":"node-01"}
{"timestamp":"2026-05-27T02:22:40.948Z","level":"info","module":"Cluster","message":"Scheduling reconnect to node-02 in 30000ms","nodeId":"node-01"}
{"timestamp":"2026-05-27T02:22:40.948Z","level":"info","module":"Cluster","message":"Disconnected from peer node-03","nodeId":"node-01"}
{"timestamp":"2026-05-27T02:22:40.948Z","level":"info","module":"Cluster","message":"Scheduling reconnect to node-03 in 30000ms","nodeId":"node-01"}
{"timestamp":"2026-05-27T02:23:10.958Z","level":"info","module":"Cluster","message":"Disconnected from peer node-03","nodeId":"node-01"}
{"timestamp":"2026-05-27T02:23:10.958Z","level":"info","module":"Cluster","message":"Scheduling reconnect to node-03 in 30000ms","nodeId":"node-01"}
{"timestamp":"2026-05-27T02:23:10.958Z","level":"info","module":"Cluster","message":"Disconnected from peer node-02","nodeId":"node-01"}
{"timestamp":"2026-05-27T02:23:10.958Z","level":"info","module":"Cluster","message":"Scheduling reconnect to node-02 in 30000ms","nodeId":"node-01"}
{"timestamp":"2026-05-27T02:23:40.966Z","level":"info","module":"Cluster","message":"Disconnected from peer node-02","nodeId":"node-01"}
{"timestamp":"2026-05-27T02:23:40.966Z","level":"info","module":"Cluster","message":"Scheduling reconnect to node-02 in 30000ms","nodeId":"node-01"}
{"timestamp":"2026-05-27T02:23:40.966Z","level":"info","module":"Cluster","message":"Disconnected from peer node-03","nodeId":"node-01"}
{"timestamp":"2026-05-27T02:23:40.966Z","level":"info","module":"Cluster","message":"Scheduling reconnect to node-03 in 30000ms","nodeId":"node-01"}
{"timestamp":"2026-05-27T02:24:10.973Z","level":"info","module":"Cluster","message":"Disconnected from peer node-03","nodeId":"node-01"}
{"timestamp":"2026-05-27T02:24:10.974Z","level":"info","module":"Cluster","message":"Scheduling reconnect to node-03 in 30000ms","nodeId":"node-01"}
{"timestamp":"2026-05-27T02:24:10.974Z","level":"info","module":"Cluster","message":"Disconnected from peer node-02","nodeId":"node-01"}
{"timestamp":"2026-05-27T02:24:10.974Z","level":"info","module":"Cluster","message":"Scheduling reconnect to node-02 in 30000ms","nodeId":"node-01"}
{"timestamp":"2026-05-27T02:24:40.984Z","level":"info","module":"Cluster","message":"Disconnected from peer node-02","nodeId":"node-01"}
{"timestamp":"2026-05-27T02:24:40.984Z","level":"info","module":"Cluster","message":"Scheduling reconnect to node-02 in 30000ms","nodeId":"node-01"}
{"timestamp":"2026-05-27T02:24:40.984Z","level":"info","module":"Cluster","message":"Disconnected from peer node-03","nodeId":"node-01"}
{"timestamp":"2026-05-27T02:24:40.984Z","level":"info","module":"Cluster","message":"Scheduling reconnect to node-03 in 30000ms","nodeId":"node-01"}
{"timestamp":"2026-05-27T02:25:10.991Z","level":"info","module":"Cluster","message":"Disconnected from peer node-03","nodeId":"node-01"}
{"timestamp":"2026-05-27T02:25:10.991Z","level":"info","module":"Cluster","message":"Scheduling reconnect to node-03 in 30000ms","nodeId":"node-01"}
{"timestamp":"2026-05-27T02:25:10.991Z","level":"info","module":"Cluster","message":"Disconnected from peer node-02","nodeId":"node-01"}
{"timestamp":"2026-05-27T02:25:10.991Z","level":"info","module":"Cluster","message":"Scheduling reconnect to node-02 in 30000ms","nodeId":"node-01"}
{"timestamp":"2026-05-27T02:25:41.001Z","level":"info","module":"Cluster","message":"Disconnected from peer node-02","nodeId":"node-01"}
{"timestamp":"2026-05-27T02:25:41.001Z","level":"info","module":"Cluster","message":"Scheduling reconnect to node-02 in 30000ms","nodeId":"node-01"}
{"timestamp":"2026-05-27T02:25:41.001Z","level":"info","module":"Cluster","message":"Disconnected from peer node-03","nodeId":"node-01"}
{"timestamp":"2026-05-27T02:25:41.001Z","level":"info","module":"Cluster","message":"Scheduling reconnect to node-03 in 30000ms","nodeId":"node-01"}
{"timestamp":"2026-05-27T02:26:11.005Z","level":"info","module":"Cluster","message":"Disconnected from peer node-03","nodeId":"node-01"}
{"timestamp":"2026-05-27T02:26:11.005Z","level":"info","module":"Cluster","message":"Scheduling reconnect to node-03 in 30000ms","nodeId":"node-01"}
{"timestamp":"2026-05-27T02:26:11.005Z","level":"info","module":"Cluster","message":"Disconnected from peer node-02","nodeId":"node-01"}
{"timestamp":"2026-05-27T02:26:11.005Z","level":"info","module":"Cluster","message":"Scheduling reconnect to node-02 in 30000ms","nodeId":"node-01"}
{"timestamp":"2026-05-27T02:26:41.010Z","level":"info","module":"Cluster","message":"Disconnected from peer node-02","nodeId":"node-01"}
{"timestamp":"2026-05-27T02:26:41.010Z","level":"info","module":"Cluster","message":"Scheduling reconnect to node-02 in 30000ms","nodeId":"node-01"}
{"timestamp":"2026-05-27T02:26:41.010Z","level":"info","module":"Cluster","message":"Disconnected from peer node-03","nodeId":"node-01"}
{"timestamp":"2026-05-27T02:26:41.010Z","level":"info","module":"Cluster","message":"Scheduling reconnect to node-03 in 30000ms","nodeId":"node-01"}
{"timestamp":"2026-05-27T02:27:11.017Z","level":"info","module":"Cluster","message":"Disconnected from peer node-03","nodeId":"node-01"}
{"timestamp":"2026-05-27T02:27:11.017Z","level":"info","module":"Cluster","message":"Scheduling reconnect to node-03 in 30000ms","nodeId":"node-01"}
{"timestamp":"2026-05-27T02:27:11.017Z","level":"info","module":"Cluster","message":"Disconnected from peer node-02","nodeId":"node-01"}
{"timestamp":"2026-05-27T02:27:11.017Z","level":"info","module":"Cluster","message":"Scheduling reconnect to node-02 in 30000ms","nodeId":"node-01"}
{"timestamp":"2026-05-27T02:27:41.031Z","level":"info","module":"Cluster","message":"Disconnected from peer node-02","nodeId":"node-01"}
{"timestamp":"2026-05-27T02:27:41.031Z","level":"info","module":"Cluster","message":"Scheduling reconnect to node-02 in 30000ms","nodeId":"node-01"}
{"timestamp":"2026-05-27T02:27:41.031Z","level":"info","module":"Cluster","message":"Disconnected from peer node-03","nodeId":"node-01"}
{"timestamp":"2026-05-27T02:27:41.031Z","level":"info","module":"Cluster","message":"Scheduling reconnect to node-03 in 30000ms","nodeId":"node-01"}
{"timestamp":"2026-05-27T02:28:11.043Z","level":"info","module":"Cluster","message":"Disconnected from peer node-03","nodeId":"node-01"}
{"timestamp":"2026-05-27T02:28:11.043Z","level":"info","module":"Cluster","message":"Scheduling reconnect to node-03 in 30000ms","nodeId":"node-01"}
{"timestamp":"2026-05-27T02:28:11.043Z","level":"info","module":"Cluster","message":"Disconnected from peer node-02","nodeId":"node-01"}
{"timestamp":"2026-05-27T02:28:11.043Z","level":"info","module":"Cluster","message":"Scheduling reconnect to node-02 in 30000ms","nodeId":"node-01"}
{"timestamp":"2026-05-27T02:28:41.046Z","level":"info","module":"Cluster","message":"Disconnected from peer node-02","nodeId":"node-01"}
{"timestamp":"2026-05-27T02:28:41.046Z","level":"info","module":"Cluster","message":"Scheduling reconnect to node-02 in 30000ms","nodeId":"node-01"}
{"timestamp":"2026-05-27T02:28:41.046Z","level":"info","module":"Cluster","message":"Disconnected from peer node-03","nodeId":"node-01"}
{"timestamp":"2026-05-27T02:28:41.046Z","level":"info","module":"Cluster","message":"Scheduling reconnect to node-03 in 30000ms","nodeId":"node-01"}
{"timestamp":"2026-05-27T02:29:11.056Z","level":"info","module":"Cluster","message":"Disconnected from peer node-03","nodeId":"node-01"}
{"timestamp":"2026-05-27T02:29:11.056Z","level":"info","module":"Cluster","message":"Scheduling reconnect to node-03 in 30000ms","nodeId":"node-01"}
{"timestamp":"2026-05-27T02:29:11.056Z","level":"info","module":"Cluster","message":"Disconnected from peer node-02","nodeId":"node-01"}
{"timestamp":"2026-05-27T02:29:11.056Z","level":"info","module":"Cluster","message":"Scheduling reconnect to node-02 in 30000ms","nodeId":"node-01"}
{"timestamp":"2026-05-27T02:29:41.066Z","level":"info","module":"Cluster","message":"Disconnected from peer node-02","nodeId":"node-01"}
{"timestamp":"2026-05-27T02:29:41.066Z","level":"info","module":"Cluster","message":"Scheduling reconnect to node-02 in 30000ms","nodeId":"node-01"}
{"timestamp":"2026-05-27T02:29:41.066Z","level":"info","module":"Cluster","message":"Disconnected from peer node-03","nodeId":"node-01"}
{"timestamp":"2026-05-27T02:29:41.066Z","level":"info","module":"Cluster","message":"Scheduling reconnect to node-03 in 30000ms","nodeId":"node-01"}
{"timestamp":"2026-05-27T02:30:11.068Z","level":"info","module":"Cluster","message":"Disconnected from peer node-03","nodeId":"node-01"}
{"timestamp":"2026-05-27T02:30:11.068Z","level":"info","module":"Cluster","message":"Scheduling reconnect to node-03 in 30000ms","nodeId":"node-01"}
{"timestamp":"2026-05-27T02:30:11.068Z","level":"info","module":"Cluster","message":"Disconnected from peer node-02","nodeId":"node-01"}
{"timestamp":"2026-05-27T02:30:11.068Z","level":"info","module":"Cluster","message":"Scheduling reconnect to node-02 in 30000ms","nodeId":"node-01"}
{"timestamp":"2026-05-27T02:30:41.080Z","level":"info","module":"Cluster","message":"Disconnected from peer node-02","nodeId":"node-01"}
{"timestamp":"2026-05-27T02:30:41.080Z","level":"info","module":"Cluster","message":"Scheduling reconnect to node-02 in 30000ms","nodeId":"node-01"}
{"timestamp":"2026-05-27T02:30:41.080Z","level":"info","module":"Cluster","message":"Disconnected from peer node-03","nodeId":"node-01"}
{"timestamp":"2026-05-27T02:30:41.080Z","level":"info","module":"Cluster","message":"Scheduling reconnect to node-03 in 30000ms","nodeId":"node-01"}
{"timestamp":"2026-05-27T02:31:11.087Z","level":"info","module":"Cluster","message":"Disconnected from peer node-03","nodeId":"node-01"}
{"timestamp":"2026-05-27T02:31:11.087Z","level":"info","module":"Cluster","message":"Scheduling reconnect to node-03 in 30000ms","nodeId":"node-01"}
{"timestamp":"2026-05-27T02:31:11.087Z","level":"info","module":"Cluster","message":"Disconnected from peer node-02","nodeId":"node-01"}
{"timestamp":"2026-05-27T02:31:11.087Z","level":"info","module":"Cluster","message":"Scheduling reconnect to node-02 in 30000ms","nodeId":"node-01"}
{"timestamp":"2026-05-27T02:31:41.120Z","level":"info","module":"Cluster","message":"Disconnected from peer node-02","nodeId":"node-01"}
{"timestamp":"2026-05-27T02:31:41.120Z","level":"info","module":"Cluster","message":"Scheduling reconnect to node-02 in 30000ms","nodeId":"node-01"}
{"timestamp":"2026-05-27T02:31:41.120Z","level":"info","module":"Cluster","message":"Disconnected from peer node-03","nodeId":"node-01"}
{"timestamp":"2026-05-27T02:31:41.120Z","level":"info","module":"Cluster","message":"Scheduling reconnect to node-03 in 30000ms","nodeId":"node-01"}
{"timestamp":"2026-05-27T02:32:11.129Z","level":"info","module":"Cluster","message":"Disconnected from peer node-03","nodeId":"node-01"}
{"timestamp":"2026-05-27T02:32:11.129Z","level":"info","module":"Cluster","message":"Scheduling reconnect to node-03 in 30000ms","nodeId":"node-01"}
{"timestamp":"2026-05-27T02:32:11.129Z","level":"info","module":"Cluster","message":"Disconnected from peer node-02","nodeId":"node-01"}
{"timestamp":"2026-05-27T02:32:11.129Z","level":"info","module":"Cluster","message":"Scheduling reconnect to node-02 in 30000ms","nodeId":"node-01"}
{"timestamp":"2026-05-27T02:32:41.146Z","level":"info","module":"Cluster","message":"Disconnected from peer node-02","nodeId":"node-01"}
{"timestamp":"2026-05-27T02:32:41.146Z","level":"info","module":"Cluster","message":"Scheduling reconnect to node-02 in 30000ms","nodeId":"node-01"}
{"timestamp":"2026-05-27T02:32:41.146Z","level":"info","module":"Cluster","message":"Disconnected from peer node-03","nodeId":"node-01"}
{"timestamp":"2026-05-27T02:32:41.146Z","level":"info","module":"Cluster","message":"Scheduling reconnect to node-03 in 30000ms","nodeId":"node-01"}
{"timestamp":"2026-05-27T02:33:11.156Z","level":"info","module":"Cluster","message":"Disconnected from peer node-03","nodeId":"node-01"}
{"timestamp":"2026-05-27T02:33:11.156Z","level":"info","module":"Cluster","message":"Scheduling reconnect to node-03 in 30000ms","nodeId":"node-01"}
{"timestamp":"2026-05-27T02:33:11.156Z","level":"info","module":"Cluster","message":"Disconnected from peer node-02","nodeId":"node-01"}
{"timestamp":"2026-05-27T02:33:11.156Z","level":"info","module":"Cluster","message":"Scheduling reconnect to node-02 in 30000ms","nodeId":"node-01"}
{"timestamp":"2026-05-27T02:33:41.160Z","level":"info","module":"Cluster","message":"Disconnected from peer node-02","nodeId":"node-01"}
{"timestamp":"2026-05-27T02:33:41.160Z","level":"info","module":"Cluster","message":"Scheduling reconnect to node-02 in 30000ms","nodeId":"node-01"}
{"timestamp":"2026-05-27T02:33:41.160Z","level":"info","module":"Cluster","message":"Disconnected from peer node-03","nodeId":"node-01"}
{"timestamp":"2026-05-27T02:33:41.160Z","level":"info","module":"Cluster","message":"Scheduling reconnect to node-03 in 30000ms","nodeId":"node-01"}
{"timestamp":"2026-05-27T02:34:11.171Z","level":"info","module":"Cluster","message":"Disconnected from peer node-03","nodeId":"node-01"}
{"timestamp":"2026-05-27T02:34:11.172Z","level":"info","module":"Cluster","message":"Scheduling reconnect to node-03 in 30000ms","nodeId":"node-01"}
{"timestamp":"2026-05-27T02:34:11.172Z","level":"info","module":"Cluster","message":"Disconnected from peer node-02","nodeId":"node-01"}
{"timestamp":"2026-05-27T02:34:11.172Z","level":"info","module":"Cluster","message":"Scheduling reconnect to node-02 in 30000ms","nodeId":"node-01"}
{"timestamp":"2026-05-27T02:34:41.181Z","level":"info","module":"Cluster","message":"Disconnected from peer node-02","nodeId":"node-01"}
{"timestamp":"2026-05-27T02:34:41.181Z","level":"info","module":"Cluster","message":"Scheduling reconnect to node-02 in 30000ms","nodeId":"node-01"}
{"timestamp":"2026-05-27T02:34:41.181Z","level":"info","module":"Cluster","message":"Disconnected from peer node-03","nodeId":"node-01"}
{"timestamp":"2026-05-27T02:34:41.181Z","level":"info","module":"Cluster","message":"Scheduling reconnect to node-03 in 30000ms","nodeId":"node-01"}
{"timestamp":"2026-05-27T02:35:11.187Z","level":"info","module":"Cluster","message":"Disconnected from peer node-03","nodeId":"node-01"}
{"timestamp":"2026-05-27T02:35:11.187Z","level":"info","module":"Cluster","message":"Scheduling reconnect to node-03 in 30000ms","nodeId":"node-01"}
{"timestamp":"2026-05-27T02:35:11.187Z","level":"info","module":"Cluster","message":"Disconnected from peer node-02","nodeId":"node-01"}
{"timestamp":"2026-05-27T02:35:11.187Z","level":"info","module":"Cluster","message":"Scheduling reconnect to node-02 in 30000ms","nodeId":"node-01"}
{"timestamp":"2026-05-27T02:35:41.205Z","level":"info","module":"Cluster","message":"Disconnected from peer node-02","nodeId":"node-01"}
{"timestamp":"2026-05-27T02:35:41.205Z","level":"info","module":"Cluster","message":"Scheduling reconnect to node-02 in 30000ms","nodeId":"node-01"}
{"timestamp":"2026-05-27T02:35:41.205Z","level":"info","module":"Cluster","message":"Disconnected from peer node-03","nodeId":"node-01"}
{"timestamp":"2026-05-27T02:35:41.205Z","level":"info","module":"Cluster","message":"Scheduling reconnect to node-03 in 30000ms","nodeId":"node-01"}
{"timestamp":"2026-05-27T02:36:11.208Z","level":"info","module":"Cluster","message":"Disconnected from peer node-03","nodeId":"node-01"}
{"timestamp":"2026-05-27T02:36:11.208Z","level":"info","module":"Cluster","message":"Scheduling reconnect to node-03 in 30000ms","nodeId":"node-01"}
{"timestamp":"2026-05-27T02:36:11.208Z","level":"info","module":"Cluster","message":"Disconnected from peer node-02","nodeId":"node-01"}
{"timestamp":"2026-05-27T02:36:11.208Z","level":"info","module":"Cluster","message":"Scheduling reconnect to node-02 in 30000ms","nodeId":"node-01"}
{"timestamp":"2026-05-27T02:36:41.219Z","level":"info","module":"Cluster","message":"Disconnected from peer node-02","nodeId":"node-01"}
{"timestamp":"2026-05-27T02:36:41.219Z","level":"info","module":"Cluster","message":"Scheduling reconnect to node-02 in 30000ms","nodeId":"node-01"}
{"timestamp":"2026-05-27T02:36:41.219Z","level":"info","module":"Cluster","message":"Disconnected from peer node-03","nodeId":"node-01"}
{"timestamp":"2026-05-27T02:36:41.219Z","level":"info","module":"Cluster","message":"Scheduling reconnect to node-03 in 30000ms","nodeId":"node-01"}
{"timestamp":"2026-05-27T02:37:11.232Z","level":"info","module":"Cluster","message":"Disconnected from peer node-03","nodeId":"node-01"}
{"timestamp":"2026-05-27T02:37:11.232Z","level":"info","module":"Cluster","message":"Scheduling reconnect to node-03 in 30000ms","nodeId":"node-01"}
{"timestamp":"2026-05-27T02:37:11.232Z","level":"info","module":"Cluster","message":"Disconnected from peer node-02","nodeId":"node-01"}
{"timestamp":"2026-05-27T02:37:11.232Z","level":"info","module":"Cluster","message":"Scheduling reconnect to node-02 in 30000ms","nodeId":"node-01"}
{"timestamp":"2026-05-27T02:37:41.243Z","level":"info","module":"Cluster","message":"Disconnected from peer node-02","nodeId":"node-01"}
{"timestamp":"2026-05-27T02:37:41.243Z","level":"info","module":"Cluster","message":"Scheduling reconnect to node-02 in 30000ms","nodeId":"node-01"}
{"timestamp":"2026-05-27T02:37:41.243Z","level":"info","module":"Cluster","message":"Disconnected from peer node-03","nodeId":"node-01"}
{"timestamp":"2026-05-27T02:37:41.243Z","level":"info","module":"Cluster","message":"Scheduling reconnect to node-03 in 30000ms","nodeId":"node-01"}
{"timestamp":"2026-05-27T02:38:11.251Z","level":"info","module":"Cluster","message":"Disconnected from peer node-03","nodeId":"node-01"}
{"timestamp":"2026-05-27T02:38:11.251Z","level":"info","module":"Cluster","message":"Scheduling reconnect to node-03 in 30000ms","nodeId":"node-01"}
{"timestamp":"2026-05-27T02:38:11.251Z","level":"info","module":"Cluster","message":"Disconnected from peer node-02","nodeId":"node-01"}
{"timestamp":"2026-05-27T02:38:11.251Z","level":"info","module":"Cluster","message":"Scheduling reconnect to node-02 in 30000ms","nodeId":"node-01"}
{"timestamp":"2026-05-27T02:38:41.257Z","level":"info","module":"Cluster","message":"Disconnected from peer node-02","nodeId":"node-01"}
{"timestamp":"2026-05-27T02:38:41.257Z","level":"info","module":"Cluster","message":"Scheduling reconnect to node-02 in 30000ms","nodeId":"node-01"}
{"timestamp":"2026-05-27T02:38:41.257Z","level":"info","module":"Cluster","message":"Disconnected from peer node-03","nodeId":"node-01"}
{"timestamp":"2026-05-27T02:38:41.257Z","level":"info","module":"Cluster","message":"Scheduling reconnect to node-03 in 30000ms","nodeId":"node-01"}
{"timestamp":"2026-05-27T02:39:11.261Z","level":"info","module":"Cluster","message":"Disconnected from peer node-03","nodeId":"node-01"}
{"timestamp":"2026-05-27T02:39:11.261Z","level":"info","module":"Cluster","message":"Scheduling reconnect to node-03 in 30000ms","nodeId":"node-01"}
{"timestamp":"2026-05-27T02:39:11.261Z","level":"info","module":"Cluster","message":"Disconnected from peer node-02","nodeId":"node-01"}
{"timestamp":"2026-05-27T02:39:11.261Z","level":"info","module":"Cluster","message":"Scheduling reconnect to node-02 in 30000ms","nodeId":"node-01"}
{"timestamp":"2026-05-27T02:39:41.280Z","level":"info","module":"Cluster","message":"Disconnected from peer node-02","nodeId":"node-01"}
{"timestamp":"2026-05-27T02:39:41.280Z","level":"info","module":"Cluster","message":"Scheduling reconnect to node-02 in 30000ms","nodeId":"node-01"}
{"timestamp":"2026-05-27T02:39:41.280Z","level":"info","module":"Cluster","message":"Disconnected from peer node-03","nodeId":"node-01"}
{"timestamp":"2026-05-27T02:39:41.280Z","level":"info","module":"Cluster","message":"Scheduling reconnect to node-03 in 30000ms","nodeId":"node-01"}
{"timestamp":"2026-05-27T02:40:11.319Z","level":"info","module":"Cluster","message":"Disconnected from peer node-03","nodeId":"node-01"}
{"timestamp":"2026-05-27T02:40:11.320Z","level":"info","module":"Cluster","message":"Scheduling reconnect to node-03 in 30000ms","nodeId":"node-01"}
{"timestamp":"2026-05-27T02:40:11.320Z","level":"info","module":"Cluster","message":"Disconnected from peer node-02","nodeId":"node-01"}
{"timestamp":"2026-05-27T02:40:11.320Z","level":"info","module":"Cluster","message":"Scheduling reconnect to node-02 in 30000ms","nodeId":"node-01"}
{"timestamp":"2026-05-27T02:40:41.328Z","level":"info","module":"Cluster","message":"Disconnected from peer node-02","nodeId":"node-01"}
{"timestamp":"2026-05-27T02:40:41.328Z","level":"info","module":"Cluster","message":"Scheduling reconnect to node-02 in 30000ms","nodeId":"node-01"}
{"timestamp":"2026-05-27T02:40:41.328Z","level":"info","module":"Cluster","message":"Disconnected from peer node-03","nodeId":"node-01"}
{"timestamp":"2026-05-27T02:40:41.328Z","level":"info","module":"Cluster","message":"Scheduling reconnect to node-03 in 30000ms","nodeId":"node-01"}
{"timestamp":"2026-05-27T02:41:11.339Z","level":"info","module":"Cluster","message":"Disconnected from peer node-03","nodeId":"node-01"}
{"timestamp":"2026-05-27T02:41:11.339Z","level":"info","module":"Cluster","message":"Scheduling reconnect to node-03 in 30000ms","nodeId":"node-01"}
{"timestamp":"2026-05-27T02:41:11.339Z","level":"info","module":"Cluster","message":"Disconnected from peer node-02","nodeId":"node-01"}
{"timestamp":"2026-05-27T02:41:11.339Z","level":"info","module":"Cluster","message":"Scheduling reconnect to node-02 in 30000ms","nodeId":"node-01"}
{"timestamp":"2026-05-27T02:41:41.349Z","level":"info","module":"Cluster","message":"Disconnected from peer node-02","nodeId":"node-01"}
{"timestamp":"2026-05-27T02:41:41.349Z","level":"info","module":"Cluster","message":"Scheduling reconnect to node-02 in 30000ms","nodeId":"node-01"}
{"timestamp":"2026-05-27T02:41:41.349Z","level":"info","module":"Cluster","message":"Disconnected from peer node-03","nodeId":"node-01"}
{"timestamp":"2026-05-27T02:41:41.349Z","level":"info","module":"Cluster","message":"Scheduling reconnect to node-03 in 30000ms","nodeId":"node-01"}
{"timestamp":"2026-05-27T02:42:11.355Z","level":"info","module":"Cluster","message":"Disconnected from peer node-03","nodeId":"node-01"}
{"timestamp":"2026-05-27T02:42:11.355Z","level":"info","module":"Cluster","message":"Scheduling reconnect to node-03 in 30000ms","nodeId":"node-01"}
{"timestamp":"2026-05-27T02:42:11.355Z","level":"info","module":"Cluster","message":"Disconnected from peer node-02","nodeId":"node-01"}
{"timestamp":"2026-05-27T02:42:11.355Z","level":"info","module":"Cluster","message":"Scheduling reconnect to node-02 in 30000ms","nodeId":"node-01"}
{"timestamp":"2026-05-27T02:42:41.362Z","level":"info","module":"Cluster","message":"Disconnected from peer node-02","nodeId":"node-01"}
{"timestamp":"2026-05-27T02:42:41.362Z","level":"info","module":"Cluster","message":"Scheduling reconnect to node-02 in 30000ms","nodeId":"node-01"}
{"timestamp":"2026-05-27T02:42:41.363Z","level":"info","module":"Cluster","message":"Disconnected from peer node-03","nodeId":"node-01"}
{"timestamp":"2026-05-27T02:42:41.363Z","level":"info","module":"Cluster","message":"Scheduling reconnect to node-03 in 30000ms","nodeId":"node-01"}
{"timestamp":"2026-05-27T02:43:11.374Z","level":"info","module":"Cluster","message":"Disconnected from peer node-03","nodeId":"node-01"}
{"timestamp":"2026-05-27T02:43:11.374Z","level":"info","module":"Cluster","message":"Scheduling reconnect to node-03 in 30000ms","nodeId":"node-01"}
{"timestamp":"2026-05-27T02:43:11.374Z","level":"info","module":"Cluster","message":"Disconnected from peer node-02","nodeId":"node-01"}
{"timestamp":"2026-05-27T02:43:11.374Z","level":"info","module":"Cluster","message":"Scheduling reconnect to node-02 in 30000ms","nodeId":"node-01"}
{"timestamp":"2026-05-27T02:43:41.380Z","level":"info","module":"Cluster","message":"Disconnected from peer node-02","nodeId":"node-01"}
{"timestamp":"2026-05-27T02:43:41.380Z","level":"info","module":"Cluster","message":"Scheduling reconnect to node-02 in 30000ms","nodeId":"node-01"}
{"timestamp":"2026-05-27T02:43:41.380Z","level":"info","module":"Cluster","message":"Disconnected from peer node-03","nodeId":"node-01"}
{"timestamp":"2026-05-27T02:43:41.380Z","level":"info","module":"Cluster","message":"Scheduling reconnect to node-03 in 30000ms","nodeId":"node-01"}
{"timestamp":"2026-05-27T02:44:11.388Z","level":"info","module":"Cluster","message":"Disconnected from peer node-03","nodeId":"node-01"}
{"timestamp":"2026-05-27T02:44:11.389Z","level":"info","module":"Cluster","message":"Scheduling reconnect to node-03 in 30000ms","nodeId":"node-01"}
{"timestamp":"2026-05-27T02:44:11.389Z","level":"info","module":"Cluster","message":"Disconnected from peer node-02","nodeId":"node-01"}
{"timestamp":"2026-05-27T02:44:11.389Z","level":"info","module":"Cluster","message":"Scheduling reconnect to node-02 in 30000ms","nodeId":"node-01"}
{"timestamp":"2026-05-27T02:44:41.392Z","level":"info","module":"Cluster","message":"Disconnected from peer node-02","nodeId":"node-01"}
{"timestamp":"2026-05-27T02:44:41.392Z","level":"info","module":"Cluster","message":"Scheduling reconnect to node-02 in 30000ms","nodeId":"node-01"}
{"timestamp":"2026-05-27T02:44:41.392Z","level":"info","module":"Cluster","message":"Disconnected from peer node-03","nodeId":"node-01"}
{"timestamp":"2026-05-27T02:44:41.392Z","level":"info","module":"Cluster","message":"Scheduling reconnect to node-03 in 30000ms","nodeId":"node-01"}
{"timestamp":"2026-05-27T02:45:11.395Z","level":"info","module":"Cluster","message":"Disconnected from peer node-03","nodeId":"node-01"}
{"timestamp":"2026-05-27T02:45:11.395Z","level":"info","module":"Cluster","message":"Scheduling reconnect to node-03 in 30000ms","nodeId":"node-01"}
{"timestamp":"2026-05-27T02:45:11.395Z","level":"info","module":"Cluster","message":"Disconnected from peer node-02","nodeId":"node-01"}
{"timestamp":"2026-05-27T02:45:11.395Z","level":"info","module":"Cluster","message":"Scheduling reconnect to node-02 in 30000ms","nodeId":"node-01"}
{"timestamp":"2026-05-27T02:45:41.407Z","level":"info","module":"Cluster","message":"Disconnected from peer node-02","nodeId":"node-01"}
{"timestamp":"2026-05-27T02:45:41.407Z","level":"info","module":"Cluster","message":"Scheduling reconnect to node-02 in 30000ms","nodeId":"node-01"}
{"timestamp":"2026-05-27T02:45:41.407Z","level":"info","module":"Cluster","message":"Disconnected from peer node-03","nodeId":"node-01"}
{"timestamp":"2026-05-27T02:45:41.407Z","level":"info","module":"Cluster","message":"Scheduling reconnect to node-03 in 30000ms","nodeId":"node-01"}
{"timestamp":"2026-05-27T02:46:11.433Z","level":"info","module":"Cluster","message":"Disconnected from peer node-03","nodeId":"node-01"}
{"timestamp":"2026-05-27T02:46:11.433Z","level":"info","module":"Cluster","message":"Scheduling reconnect to node-03 in 30000ms","nodeId":"node-01"}
{"timestamp":"2026-05-27T02:46:11.433Z","level":"info","module":"Cluster","message":"Disconnected from peer node-02","nodeId":"node-01"}
{"timestamp":"2026-05-27T02:46:11.433Z","level":"info","module":"Cluster","message":"Scheduling reconnect to node-02 in 30000ms","nodeId":"node-01"}
{"timestamp":"2026-05-27T02:46:41.448Z","level":"info","module":"Cluster","message":"Disconnected from peer node-02","nodeId":"node-01"}
{"timestamp":"2026-05-27T02:46:41.448Z","level":"info","module":"Cluster","message":"Scheduling reconnect to node-02 in 30000ms","nodeId":"node-01"}
{"timestamp":"2026-05-27T02:46:41.448Z","level":"info","module":"Cluster","message":"Disconnected from peer node-03","nodeId":"node-01"}
{"timestamp":"2026-05-27T02:46:41.448Z","level":"info","module":"Cluster","message":"Scheduling reconnect to node-03 in 30000ms","nodeId":"node-01"}
{"timestamp":"2026-05-27T02:47:11.453Z","level":"info","module":"Cluster","message":"Disconnected from peer node-03","nodeId":"node-01"}
{"timestamp":"2026-05-27T02:47:11.453Z","level":"info","module":"Cluster","message":"Scheduling reconnect to node-03 in 30000ms","nodeId":"node-01"}
{"timestamp":"2026-05-27T02:47:11.453Z","level":"info","module":"Cluster","message":"Disconnected from peer node-02","nodeId":"node-01"}
{"timestamp":"2026-05-27T02:47:11.453Z","level":"info","module":"Cluster","message":"Scheduling reconnect to node-02 in 30000ms","nodeId":"node-01"}
{"timestamp":"2026-05-27T02:47:41.467Z","level":"info","module":"Cluster","message":"Disconnected from peer node-02","nodeId":"node-01"}
{"timestamp":"2026-05-27T02:47:41.467Z","level":"info","module":"Cluster","message":"Scheduling reconnect to node-02 in 30000ms","nodeId":"node-01"}
{"timestamp":"2026-05-27T02:47:41.467Z","level":"info","module":"Cluster","message":"Disconnected from peer node-03","nodeId":"node-01"}
{"timestamp":"2026-05-27T02:47:41.467Z","level":"info","module":"Cluster","message":"Scheduling reconnect to node-03 in 30000ms","nodeId":"node-01"}
{"timestamp":"2026-05-27T02:48:11.478Z","level":"info","module":"Cluster","message":"Disconnected from peer node-03","nodeId":"node-01"}
{"timestamp":"2026-05-27T02:48:11.479Z","level":"info","module":"Cluster","message":"Scheduling reconnect to node-03 in 30000ms","nodeId":"node-01"}
{"timestamp":"2026-05-27T02:48:11.479Z","level":"info","module":"Cluster","message":"Disconnected from peer node-02","nodeId":"node-01"}
{"timestamp":"2026-05-27T02:48:11.479Z","level":"info","module":"Cluster","message":"Scheduling reconnect to node-02 in 30000ms","nodeId":"node-01"}
{"timestamp":"2026-05-27T02:48:41.496Z","level":"info","module":"Cluster","message":"Disconnected from peer node-02","nodeId":"node-01"}
{"timestamp":"2026-05-27T02:48:41.496Z","level":"info","module":"Cluster","message":"Scheduling reconnect to node-02 in 30000ms","nodeId":"node-01"}
{"timestamp":"2026-05-27T02:48:41.496Z","level":"info","module":"Cluster","message":"Disconnected from peer node-03","nodeId":"node-01"}
{"timestamp":"2026-05-27T02:48:41.496Z","level":"info","module":"Cluster","message":"Scheduling reconnect to node-03 in 30000ms","nodeId":"node-01"}
{"timestamp":"2026-05-27T02:49:11.502Z","level":"info","module":"Cluster","message":"Disconnected from peer node-03","nodeId":"node-01"}
{"timestamp":"2026-05-27T02:49:11.502Z","level":"info","module":"Cluster","message":"Scheduling reconnect to node-03 in 30000ms","nodeId":"node-01"}
{"timestamp":"2026-05-27T02:49:11.502Z","level":"info","module":"Cluster","message":"Disconnected from peer node-02","nodeId":"node-01"}
{"timestamp":"2026-05-27T02:49:11.502Z","level":"info","module":"Cluster","message":"Scheduling reconnect to node-02 in 30000ms","nodeId":"node-01"}
{"timestamp":"2026-05-27T02:49:41.512Z","level":"info","module":"Cluster","message":"Disconnected from peer node-02","nodeId":"node-01"}
{"timestamp":"2026-05-27T02:49:41.512Z","level":"info","module":"Cluster","message":"Scheduling reconnect to node-02 in 30000ms","nodeId":"node-01"}
{"timestamp":"2026-05-27T02:49:41.512Z","level":"info","module":"Cluster","message":"Disconnected from peer node-03","nodeId":"node-01"}
{"timestamp":"2026-05-27T02:49:41.512Z","level":"info","module":"Cluster","message":"Scheduling reconnect to node-03 in 30000ms","nodeId":"node-01"}
{"timestamp":"2026-05-27T02:50:11.527Z","level":"info","module":"Cluster","message":"Disconnected from peer node-03","nodeId":"node-01"}
{"timestamp":"2026-05-27T02:50:11.527Z","level":"info","module":"Cluster","message":"Scheduling reconnect to node-03 in 30000ms","nodeId":"node-01"}
{"timestamp":"2026-05-27T02:50:11.527Z","level":"info","module":"Cluster","message":"Disconnected from peer node-02","nodeId":"node-01"}
{"timestamp":"2026-05-27T02:50:11.527Z","level":"info","module":"Cluster","message":"Scheduling reconnect to node-02 in 30000ms","nodeId":"node-01"}
{"timestamp":"2026-05-27T02:50:41.529Z","level":"info","module":"Cluster","message":"Disconnected from peer node-02","nodeId":"node-01"}
{"timestamp":"2026-05-27T02:50:41.529Z","level":"info","module":"Cluster","message":"Scheduling reconnect to node-02 in 30000ms","nodeId":"node-01"}
{"timestamp":"2026-05-27T02:50:41.529Z","level":"info","module":"Cluster","message":"Disconnected from peer node-03","nodeId":"node-01"}
{"timestamp":"2026-05-27T02:50:41.529Z","level":"info","module":"Cluster","message":"Scheduling reconnect to node-03 in 30000ms","nodeId":"node-01"}
{"timestamp":"2026-05-27T02:51:11.541Z","level":"info","module":"Cluster","message":"Disconnected from peer node-03","nodeId":"node-01"}
{"timestamp":"2026-05-27T02:51:11.541Z","level":"info","module":"Cluster","message":"Scheduling reconnect to node-03 in 30000ms","nodeId":"node-01"}
{"timestamp":"2026-05-27T02:51:11.541Z","level":"info","module":"Cluster","message":"Disconnected from peer node-02","nodeId":"node-01"}
{"timestamp":"2026-05-27T02:51:11.541Z","level":"info","module":"Cluster","message":"Scheduling reconnect to node-02 in 30000ms","nodeId":"node-01"}
{"timestamp":"2026-05-27T02:51:41.554Z","level":"info","module":"Cluster","message":"Disconnected from peer node-02","nodeId":"node-01"}
{"timestamp":"2026-05-27T02:51:41.554Z","level":"info","module":"Cluster","message":"Scheduling reconnect to node-02 in 30000ms","nodeId":"node-01"}
{"timestamp":"2026-05-27T02:51:41.554Z","level":"info","module":"Cluster","message":"Disconnected from peer node-03","nodeId":"node-01"}
{"timestamp":"2026-05-27T02:51:41.554Z","level":"info","module":"Cluster","message":"Scheduling reconnect to node-03 in 30000ms","nodeId":"node-01"}
{"timestamp":"2026-05-27T02:52:11.565Z","level":"info","module":"Cluster","message":"Disconnected from peer node-03","nodeId":"node-01"}
{"timestamp":"2026-05-27T02:52:11.565Z","level":"info","module":"Cluster","message":"Scheduling reconnect to node-03 in 30000ms","nodeId":"node-01"}
{"timestamp":"2026-05-27T02:52:11.565Z","level":"info","module":"Cluster","message":"Disconnected from peer node-02","nodeId":"node-01"}
{"timestamp":"2026-05-27T02:52:11.565Z","level":"info","module":"Cluster","message":"Scheduling reconnect to node-02 in 30000ms","nodeId":"node-01"}
{"timestamp":"2026-05-27T02:52:41.577Z","level":"info","module":"Cluster","message":"Disconnected from peer node-02","nodeId":"node-01"}
{"timestamp":"2026-05-27T02:52:41.577Z","level":"info","module":"Cluster","message":"Scheduling reconnect to node-02 in 30000ms","nodeId":"node-01"}
{"timestamp":"2026-05-27T02:52:41.577Z","level":"info","module":"Cluster","message":"Disconnected from peer node-03","nodeId":"node-01"}
{"timestamp":"2026-05-27T02:52:41.577Z","level":"info","module":"Cluster","message":"Scheduling reconnect to node-03 in 30000ms","nodeId":"node-01"}
{"timestamp":"2026-05-27T02:53:11.586Z","level":"info","module":"Cluster","message":"Disconnected from peer node-03","nodeId":"node-01"}
{"timestamp":"2026-05-27T02:53:11.586Z","level":"info","module":"Cluster","message":"Scheduling reconnect to node-03 in 30000ms","nodeId":"node-01"}
{"timestamp":"2026-05-27T02:53:11.586Z","level":"info","module":"Cluster","message":"Disconnected from peer node-02","nodeId":"node-01"}
{"timestamp":"2026-05-27T02:53:11.586Z","level":"info","module":"Cluster","message":"Scheduling reconnect to node-02 in 30000ms","nodeId":"node-01"}
{"timestamp":"2026-05-27T02:53:41.596Z","level":"info","module":"Cluster","message":"Disconnected from peer node-02","nodeId":"node-01"}
{"timestamp":"2026-05-27T02:53:41.596Z","level":"info","module":"Cluster","message":"Scheduling reconnect to node-02 in 30000ms","nodeId":"node-01"}
{"timestamp":"2026-05-27T02:53:41.596Z","level":"info","module":"Cluster","message":"Disconnected from peer node-03","nodeId":"node-01"}
{"timestamp":"2026-05-27T02:53:41.596Z","level":"info","module":"Cluster","message":"Scheduling reconnect to node-03 in 30000ms","nodeId":"node-01"}
{"timestamp":"2026-05-27T02:54:11.607Z","level":"info","module":"Cluster","message":"Disconnected from peer node-03","nodeId":"node-01"}
{"timestamp":"2026-05-27T02:54:11.608Z","level":"info","module":"Cluster","message":"Scheduling reconnect to node-03 in 30000ms","nodeId":"node-01"}
{"timestamp":"2026-05-27T02:54:11.608Z","level":"info","module":"Cluster","message":"Disconnected from peer node-02","nodeId":"node-01"}
{"timestamp":"2026-05-27T02:54:11.608Z","level":"info","module":"Cluster","message":"Scheduling reconnect to node-02 in 30000ms","nodeId":"node-01"}
{"timestamp":"2026-05-27T02:54:41.622Z","level":"info","module":"Cluster","message":"Disconnected from peer node-02","nodeId":"node-01"}
{"timestamp":"2026-05-27T02:54:41.622Z","level":"info","module":"Cluster","message":"Scheduling reconnect to node-02 in 30000ms","nodeId":"node-01"}
{"timestamp":"2026-05-27T02:54:41.622Z","level":"info","module":"Cluster","message":"Disconnected from peer node-03","nodeId":"node-01"}
{"timestamp":"2026-05-27T02:54:41.622Z","level":"info","module":"Cluster","message":"Scheduling reconnect to node-03 in 30000ms","nodeId":"node-01"}
{"timestamp":"2026-05-27T02:55:11.629Z","level":"info","module":"Cluster","message":"Disconnected from peer node-03","nodeId":"node-01"}
{"timestamp":"2026-05-27T02:55:11.629Z","level":"info","module":"Cluster","message":"Scheduling reconnect to node-03 in 30000ms","nodeId":"node-01"}
{"timestamp":"2026-05-27T02:55:11.629Z","level":"info","module":"Cluster","message":"Disconnected from peer node-02","nodeId":"node-01"}
{"timestamp":"2026-05-27T02:55:11.629Z","level":"info","module":"Cluster","message":"Scheduling reconnect to node-02 in 30000ms","nodeId":"node-01"}
{"timestamp":"2026-05-27T02:55:41.641Z","level":"info","module":"Cluster","message":"Disconnected from peer node-02","nodeId":"node-01"}
{"timestamp":"2026-05-27T02:55:41.641Z","level":"info","module":"Cluster","message":"Scheduling reconnect to node-02 in 30000ms","nodeId":"node-01"}
{"timestamp":"2026-05-27T02:55:41.641Z","level":"info","module":"Cluster","message":"Disconnected from peer node-03","nodeId":"node-01"}
{"timestamp":"2026-05-27T02:55:41.642Z","level":"info","module":"Cluster","message":"Scheduling reconnect to node-03 in 30000ms","nodeId":"node-01"}
{"timestamp":"2026-05-27T02:55:45.087Z","level":"info","module":"Receiver","message":"ECU Message Receiver stopped","nodeId":"node-01"}
{"timestamp":"2026-05-27T02:55:45.089Z","level":"info","module":"Cluster","message":"Cluster manager stopped","nodeId":"node-01"}
